<?xml version="1.0" encoding="UTF-8"?>
<!-- Generated by org.testng.reporters.JUnitReportReporter -->
<testsuite skipped="0" hostname="lenovo-PC" name="com.rp.qa.testdata.TestSearchPage" tests="1" failures="0" timestamp="28 Aug 2020 18:10:33 GMT" time="23.060" errors="0">
  <testcase name="verifyHomepageTitle" time="23.060" classname="com.rp.qa.testdata.TestSearchPage"/>
</testsuite> <!-- com.rp.qa.testdata.TestSearchPage -->
